<?xml version="1.0" encoding="UTF-8"?>
<testsuite name="contract.transferables.TransactionActivityTransferableTest" tests="2" skipped="0" failures="0" errors="0" timestamp="2020-06-14T10:52:59" hostname="jonas" time="0.247">
  <properties/>
  <testcase name="getAndSetAmount" classname="contract.transferables.TransactionActivityTransferableTest" time="0.0"/>
  <testcase name="getTransactionActivityTransferableFromJSON" classname="contract.transferables.TransactionActivityTransferableTest" time="0.247"/>
  <system-out><![CDATA[]]></system-out>
  <system-err><![CDATA[]]></system-err>
</testsuite>
