<?xml version="1.0" encoding="UTF-8"?>
<testsuite name="contract.contract.ContractTest" tests="1" skipped="0" failures="0" errors="0" timestamp="2020-06-14T10:52:59" hostname="jonas" time="0.054">
  <properties/>
  <testcase name="testToJSON" classname="contract.contract.ContractTest" time="0.054"/>
  <system-out><![CDATA[]]></system-out>
  <system-err><![CDATA[]]></system-err>
</testsuite>
