<?xml version="1.0" encoding="UTF-8"?>
<testsuite name="contract.transferables.BankTransferableTest" tests="2" skipped="0" failures="0" errors="0" timestamp="2020-06-13T13:47:02" hostname="jonas" time="0.002">
  <properties/>
  <testcase name="getAndSetName" classname="contract.transferables.BankTransferableTest" time="0.001"/>
  <testcase name="getAndSetCvr" classname="contract.transferables.BankTransferableTest" time="0.001"/>
  <system-out><![CDATA[]]></system-out>
  <system-err><![CDATA[]]></system-err>
</testsuite>
