<?xml version="1.0" encoding="UTF-8"?>
<testsuite name="contract.transferables.TransactionTransferableTest" tests="2" skipped="0" failures="0" errors="0" timestamp="2020-06-13T13:47:02" hostname="jonas" time="0.005">
  <properties/>
  <testcase name="getAndSetTimestamp" classname="contract.transferables.TransactionTransferableTest" time="0.002"/>
  <testcase name="getAndSetAmount" classname="contract.transferables.TransactionTransferableTest" time="0.001"/>
  <system-out><![CDATA[]]></system-out>
  <system-err><![CDATA[]]></system-err>
</testsuite>
